{"C:\\Users\\Larissa\\Desktop\\Teste BPTech\\bp-reserve-backend\\src\\app.module.ts": {"path":"C:\\Users\\Larissa\\Desktop\\Teste BPTech\\bp-reserve-backend\\src\\app.module.ts","statementMap":{"0":{"start":{"line":1,"column":0},"end":{"line":1,"column":40}},"1":{"start":{"line":2,"column":0},"end":{"line":2,"column":48}},"2":{"start":{"line":3,"column":0},"end":{"line":3,"column":46}},"3":{"start":{"line":4,"column":0},"end":{"line":4,"column":48}},"4":{"start":{"line":5,"column":0},"end":{"line":5,"column":50}},"5":{"start":{"line":6,"column":0},"end":{"line":6,"column":48}},"6":{"start":{"line":7,"column":0},"end":{"line":7,"column":50}},"7":{"start":{"line":8,"column":0},"end":{"line":8,"column":41}},"8":{"start":{"line":9,"column":0},"end":{"line":9,"column":48}},"9":{"start":{"line":10,"column":0},"end":{"line":10,"column":65}},"10":{"start":{"line":11,"column":0},"end":{"line":11,"column":57}},"11":{"start":{"line":47,"column":7},"end":{"line":47,"column":null}},"12":{"start":{"line":47,"column":13},"end":{"line":47,"column":22}},"13":{"start":{"line":47,"column":13},"end":{"line":47,"column":null}}},"fnMap":{},"branchMap":{},"s":{"0":0,"1":0,"2":0,"3":0,"4":0,"5":0,"6":0,"7":0,"8":0,"9":0,"10":0,"11":0,"12":0,"13":0},"f":{},"b":{}}
,"C:\\Users\\Larissa\\Desktop\\Teste BPTech\\bp-reserve-backend\\src\\main.ts": {"path":"C:\\Users\\Larissa\\Desktop\\Teste BPTech\\bp-reserve-backend\\src\\main.ts","statementMap":{"0":{"start":{"line":1,"column":0},"end":{"line":1,"column":43}},"1":{"start":{"line":2,"column":0},"end":{"line":2,"column":41}},"2":{"start":{"line":3,"column":0},"end":{"line":3,"column":48}},"3":{"start":{"line":6,"column":14},"end":{"line":6,"column":49}},"4":{"start":{"line":8,"column":2},"end":{"line":12,"column":null}},"5":{"start":{"line":13,"column":2},"end":{"line":17,"column":5}},"6":{"start":{"line":18,"column":2},"end":{"line":18,"column":25}},"7":{"start":{"line":21,"column":0},"end":{"line":21,"column":12}}},"fnMap":{"0":{"name":"bootstrap","decl":{"start":{"line":5,"column":15},"end":{"line":5,"column":24}},"loc":{"start":{"line":5,"column":24},"end":{"line":19,"column":1}}}},"branchMap":{},"s":{"0":0,"1":0,"2":0,"3":0,"4":0,"5":0,"6":0,"7":0},"f":{"0":0},"b":{}}
,"C:\\Users\\Larissa\\Desktop\\Teste BPTech\\bp-reserve-backend\\src\\decorators\\public.decorator.ts": {"path":"C:\\Users\\Larissa\\Desktop\\Teste BPTech\\bp-reserve-backend\\src\\decorators\\public.decorator.ts","statementMap":{"0":{"start":{"line":1,"column":0},"end":{"line":1,"column":45}},"1":{"start":{"line":3,"column":13},"end":{"line":3,"column":40}},"2":{"start":{"line":4,"column":22},"end":{"line":4,"column":60}},"3":{"start":{"line":4,"column":28},"end":{"line":4,"column":60}},"4":{"start":{"line":4,"column":13},"end":{"line":4,"column":22}}},"fnMap":{"0":{"name":"(anonymous_0)","decl":{"start":{"line":4,"column":22},"end":{"line":4,"column":25}},"loc":{"start":{"line":4,"column":28},"end":{"line":4,"column":60}}}},"branchMap":{},"s":{"0":0,"1":0,"2":0,"3":0,"4":0},"f":{"0":0},"b":{}}
,"C:\\Users\\Larissa\\Desktop\\Teste BPTech\\bp-reserve-backend\\src\\decorators\\roles.decorator.ts": {"path":"C:\\Users\\Larissa\\Desktop\\Teste BPTech\\bp-reserve-backend\\src\\decorators\\roles.decorator.ts","statementMap":{"0":{"start":{"line":1,"column":0},"end":{"line":1,"column":45}},"1":{"start":{"line":3,"column":13},"end":{"line":3,"column":33}},"2":{"start":{"line":4,"column":21},"end":{"line":4,"column":74}},"3":{"start":{"line":4,"column":45},"end":{"line":4,"column":74}},"4":{"start":{"line":4,"column":13},"end":{"line":4,"column":21}}},"fnMap":{"0":{"name":"(anonymous_0)","decl":{"start":{"line":4,"column":21},"end":{"line":4,"column":22}},"loc":{"start":{"line":4,"column":45},"end":{"line":4,"column":74}}}},"branchMap":{},"s":{"0":2,"1":2,"2":2,"3":11,"4":2},"f":{"0":11},"b":{}}
,"C:\\Users\\Larissa\\Desktop\\Teste BPTech\\bp-reserve-backend\\src\\guards\\roles.guard.ts": {"path":"C:\\Users\\Larissa\\Desktop\\Teste BPTech\\bp-reserve-backend\\src\\guards\\roles.guard.ts","statementMap":{"0":{"start":{"line":1,"column":0},"end":{"line":1,"column":95}},"1":{"start":{"line":2,"column":0},"end":{"line":2,"column":41}},"2":{"start":{"line":3,"column":0},"end":{"line":3,"column":58}},"3":{"start":{"line":4,"column":0},"end":{"line":4,"column":63}},"4":{"start":{"line":7,"column":7},"end":{"line":64,"column":null}},"5":{"start":{"line":8,"column":22},"end":{"line":8,"column":33}},"6":{"start":{"line":11,"column":4},"end":{"line":11,"column":61}},"7":{"start":{"line":14,"column":21},"end":{"line":17,"column":6}},"8":{"start":{"line":19,"column":4},"end":{"line":19,"column":56}},"9":{"start":{"line":21,"column":4},"end":{"line":24,"column":5}},"10":{"start":{"line":22,"column":6},"end":{"line":22,"column":63}},"11":{"start":{"line":23,"column":6},"end":{"line":23,"column":18}},"12":{"start":{"line":27,"column":21},"end":{"line":27,"column":56}},"13":{"start":{"line":28,"column":4},"end":{"line":28,"column":55}},"14":{"start":{"line":30,"column":4},"end":{"line":33,"column":5}},"15":{"start":{"line":31,"column":6},"end":{"line":31,"column":54}},"16":{"start":{"line":32,"column":6},"end":{"line":32,"column":69}},"17":{"start":{"line":36,"column":26},"end":{"line":39,"column":6}},"18":{"start":{"line":41,"column":4},"end":{"line":41,"column":69}},"19":{"start":{"line":42,"column":4},"end":{"line":42,"column":63}},"20":{"start":{"line":45,"column":4},"end":{"line":48,"column":5}},"21":{"start":{"line":46,"column":6},"end":{"line":46,"column":62}},"22":{"start":{"line":47,"column":6},"end":{"line":47,"column":68}},"23":{"start":{"line":51,"column":20},"end":{"line":51,"column":68}},"24":{"start":{"line":51,"column":49},"end":{"line":51,"column":67}},"25":{"start":{"line":52,"column":4},"end":{"line":52,"column":58}},"26":{"start":{"line":54,"column":4},"end":{"line":59,"column":5}},"27":{"start":{"line":55,"column":6},"end":{"line":55,"column":52}},"28":{"start":{"line":56,"column":6},"end":{"line":58,"column":8}},"29":{"start":{"line":61,"column":4},"end":{"line":61,"column":51}},"30":{"start":{"line":62,"column":4},"end":{"line":62,"column":16}},"31":{"start":{"line":7,"column":13},"end":{"line":7,"column":23}},"32":{"start":{"line":7,"column":13},"end":{"line":64,"column":null}}},"fnMap":{"0":{"name":"(anonymous_2)","decl":{"start":{"line":8,"column":2},"end":{"line":8,"column":22}},"loc":{"start":{"line":8,"column":42},"end":{"line":8,"column":46}}},"1":{"name":"(anonymous_3)","decl":{"start":{"line":10,"column":2},"end":{"line":10,"column":13}},"loc":{"start":{"line":10,"column":39},"end":{"line":63,"column":3}}},"2":{"name":"(anonymous_4)","decl":{"start":{"line":51,"column":39},"end":{"line":51,"column":40}},"loc":{"start":{"line":51,"column":49},"end":{"line":51,"column":67}}}},"branchMap":{"0":{"loc":{"start":{"line":21,"column":4},"end":{"line":24,"column":5}},"type":"if","locations":[{"start":{"line":21,"column":4},"end":{"line":24,"column":5}},{"start":{},"end":{}}]},"1":{"loc":{"start":{"line":30,"column":4},"end":{"line":33,"column":5}},"type":"if","locations":[{"start":{"line":30,"column":4},"end":{"line":33,"column":5}},{"start":{},"end":{}}]},"2":{"loc":{"start":{"line":30,"column":8},"end":{"line":30,"column":27}},"type":"binary-expr","locations":[{"start":{"line":30,"column":8},"end":{"line":30,"column":13}},{"start":{"line":30,"column":17},"end":{"line":30,"column":27}}]},"3":{"loc":{"start":{"line":45,"column":4},"end":{"line":48,"column":5}},"type":"if","locations":[{"start":{"line":45,"column":4},"end":{"line":48,"column":5}},{"start":{},"end":{}}]},"4":{"loc":{"start":{"line":45,"column":8},"end":{"line":45,"column":52}},"type":"binary-expr","locations":[{"start":{"line":45,"column":8},"end":{"line":45,"column":22}},{"start":{"line":45,"column":26},"end":{"line":45,"column":52}}]},"5":{"loc":{"start":{"line":54,"column":4},"end":{"line":59,"column":5}},"type":"if","locations":[{"start":{"line":54,"column":4},"end":{"line":59,"column":5}},{"start":{},"end":{}}]}},"s":{"0":0,"1":0,"2":0,"3":0,"4":0,"5":0,"6":0,"7":0,"8":0,"9":0,"10":0,"11":0,"12":0,"13":0,"14":0,"15":0,"16":0,"17":0,"18":0,"19":0,"20":0,"21":0,"22":0,"23":0,"24":0,"25":0,"26":0,"27":0,"28":0,"29":0,"30":0,"31":0,"32":0},"f":{"0":0,"1":0,"2":0},"b":{"0":[0,0],"1":[0,0],"2":[0,0],"3":[0,0],"4":[0,0],"5":[0,0]}}
,"C:\\Users\\Larissa\\Desktop\\Teste BPTech\\bp-reserve-backend\\src\\login\\auth.controller.ts": {"path":"C:\\Users\\Larissa\\Desktop\\Teste BPTech\\bp-reserve-backend\\src\\login\\auth.controller.ts","statementMap":{"0":{"start":{"line":1,"column":0},"end":{"line":1,"column":null}},"1":{"start":{"line":9,"column":0},"end":{"line":9,"column":45}},"2":{"start":{"line":10,"column":0},"end":{"line":10,"column":48}},"3":{"start":{"line":11,"column":0},"end":{"line":11,"column":56}},"4":{"start":{"line":13,"column":7},"end":{"line":22,"column":null}},"5":{"start":{"line":14,"column":24},"end":{"line":14,"column":37}},"6":{"start":{"line":20,"column":8},"end":{"line":20,"column":54}},"7":{"start":{"line":13,"column":13},"end":{"line":13,"column":27}},"8":{"start":{"line":19,"column":10},"end":{"line":21,"column":null}},"9":{"start":{"line":13,"column":13},"end":{"line":22,"column":null}}},"fnMap":{"0":{"name":"(anonymous_4)","decl":{"start":{"line":14,"column":4},"end":{"line":14,"column":24}},"loc":{"start":{"line":14,"column":48},"end":{"line":14,"column":53}}},"1":{"name":"(anonymous_5)","decl":{"start":{"line":19,"column":10},"end":{"line":19,"column":15}},"loc":{"start":{"line":19,"column":47},"end":{"line":21,"column":5}}}},"branchMap":{},"s":{"0":0,"1":0,"2":0,"3":0,"4":0,"5":0,"6":0,"7":0,"8":0,"9":0},"f":{"0":0,"1":0},"b":{}}
,"C:\\Users\\Larissa\\Desktop\\Teste BPTech\\bp-reserve-backend\\src\\login\\auth.module.ts": {"path":"C:\\Users\\Larissa\\Desktop\\Teste BPTech\\bp-reserve-backend\\src\\login\\auth.module.ts","statementMap":{"0":{"start":{"line":1,"column":0},"end":{"line":1,"column":40}},"1":{"start":{"line":2,"column":0},"end":{"line":2,"column":48}},"2":{"start":{"line":3,"column":0},"end":{"line":3,"column":40}},"3":{"start":{"line":4,"column":0},"end":{"line":4,"column":59}},"4":{"start":{"line":5,"column":0},"end":{"line":5,"column":49}},"5":{"start":{"line":6,"column":0},"end":{"line":6,"column":51}},"6":{"start":{"line":7,"column":0},"end":{"line":7,"column":45}},"7":{"start":{"line":8,"column":0},"end":{"line":8,"column":43}},"8":{"start":{"line":24,"column":7},"end":{"line":24,"column":null}},"9":{"start":{"line":24,"column":13},"end":{"line":24,"column":24}},"10":{"start":{"line":24,"column":13},"end":{"line":24,"column":null}}},"fnMap":{},"branchMap":{},"s":{"0":0,"1":0,"2":0,"3":0,"4":0,"5":0,"6":0,"7":0,"8":0,"9":0,"10":0},"f":{},"b":{}}
,"C:\\Users\\Larissa\\Desktop\\Teste BPTech\\bp-reserve-backend\\src\\login\\auth.service.ts": {"path":"C:\\Users\\Larissa\\Desktop\\Teste BPTech\\bp-reserve-backend\\src\\login\\auth.service.ts","statementMap":{"0":{"start":{"line":1,"column":0},"end":{"line":1,"column":67}},"1":{"start":{"line":2,"column":0},"end":{"line":2,"column":51}},"2":{"start":{"line":3,"column":0},"end":{"line":3,"column":37}},"3":{"start":{"line":4,"column":0},"end":{"line":4,"column":59}},"4":{"start":{"line":6,"column":0},"end":{"line":6,"column":33}},"5":{"start":{"line":7,"column":0},"end":{"line":7,"column":41}},"6":{"start":{"line":10,"column":7},"end":{"line":65,"column":null}},"7":{"start":{"line":13,"column":21},"end":{"line":13,"column":37}},"8":{"start":{"line":14,"column":12},"end":{"line":14,"column":24}},"9":{"start":{"line":18,"column":4},"end":{"line":63,"column":5}},"10":{"start":{"line":19,"column":19},"end":{"line":21,"column":8}},"11":{"start":{"line":23,"column":6},"end":{"line":25,"column":7}},"12":{"start":{"line":24,"column":8},"end":{"line":24,"column":66}},"13":{"start":{"line":28,"column":30},"end":{"line":28,"column":83}},"14":{"start":{"line":30,"column":6},"end":{"line":32,"column":7}},"15":{"start":{"line":31,"column":8},"end":{"line":31,"column":59}},"16":{"start":{"line":34,"column":22},"end":{"line":42,"column":null}},"17":{"start":{"line":44,"column":6},"end":{"line":55,"column":8}},"18":{"start":{"line":58,"column":6},"end":{"line":60,"column":7}},"19":{"start":{"line":59,"column":8},"end":{"line":59,"column":18}},"20":{"start":{"line":62,"column":6},"end":{"line":62,"column":73}},"21":{"start":{"line":10,"column":13},"end":{"line":10,"column":24}},"22":{"start":{"line":10,"column":13},"end":{"line":65,"column":null}}},"fnMap":{"0":{"name":"(anonymous_13)","decl":{"start":{"line":11,"column":2},"end":{"line":11,"column":null}},"loc":{"start":{"line":14,"column":34},"end":{"line":15,"column":7}}},"1":{"name":"(anonymous_14)","decl":{"start":{"line":17,"column":2},"end":{"line":17,"column":7}},"loc":{"start":{"line":17,"column":44},"end":{"line":64,"column":3}}}},"branchMap":{"0":{"loc":{"start":{"line":23,"column":6},"end":{"line":25,"column":7}},"type":"if","locations":[{"start":{"line":23,"column":6},"end":{"line":25,"column":7}},{"start":{},"end":{}}]},"1":{"loc":{"start":{"line":30,"column":6},"end":{"line":32,"column":7}},"type":"if","locations":[{"start":{"line":30,"column":6},"end":{"line":32,"column":7}},{"start":{},"end":{}}]},"2":{"loc":{"start":{"line":58,"column":6},"end":{"line":60,"column":7}},"type":"if","locations":[{"start":{"line":58,"column":6},"end":{"line":60,"column":7}},{"start":{},"end":{}}]}},"s":{"0":2,"1":2,"2":2,"3":2,"4":2,"5":2,"6":2,"7":8,"8":8,"9":8,"10":8,"11":6,"12":2,"13":4,"14":4,"15":2,"16":2,"17":2,"18":6,"19":4,"20":2,"21":2,"22":2},"f":{"0":8,"1":8},"b":{"0":[2,4],"1":[2,2],"2":[4,2]}}
,"C:\\Users\\Larissa\\Desktop\\Teste BPTech\\bp-reserve-backend\\src\\login\\constants.ts": {"path":"C:\\Users\\Larissa\\Desktop\\Teste BPTech\\bp-reserve-backend\\src\\login\\constants.ts","statementMap":{"0":{"start":{"line":2,"column":13},"end":{"line":4,"column":2}}},"fnMap":{},"branchMap":{},"s":{"0":0},"f":{},"b":{}}
,"C:\\Users\\Larissa\\Desktop\\Teste BPTech\\bp-reserve-backend\\src\\login\\dto\\auth.dto.ts": {"path":"C:\\Users\\Larissa\\Desktop\\Teste BPTech\\bp-reserve-backend\\src\\login\\dto\\auth.dto.ts","statementMap":{"0":{"start":{"line":1,"column":0},"end":{"line":1,"column":63}},"1":{"start":{"line":3,"column":0},"end":{"line":3,"column":13}},"2":{"start":{"line":5,"column":2},"end":{"line":5,"column":null}},"3":{"start":{"line":9,"column":2},"end":{"line":9,"column":null}},"4":{"start":{"line":12,"column":0},"end":{"line":12,"column":13}}},"fnMap":{},"branchMap":{},"s":{"0":0,"1":0,"2":0,"3":0,"4":0},"f":{},"b":{}}
,"C:\\Users\\Larissa\\Desktop\\Teste BPTech\\bp-reserve-backend\\src\\reserve\\reserve.controller.ts": {"path":"C:\\Users\\Larissa\\Desktop\\Teste BPTech\\bp-reserve-backend\\src\\reserve\\reserve.controller.ts","statementMap":{"0":{"start":{"line":1,"column":0},"end":{"line":1,"column":88}},"1":{"start":{"line":2,"column":0},"end":{"line":2,"column":51}},"2":{"start":{"line":3,"column":0},"end":{"line":3,"column":67}},"3":{"start":{"line":4,"column":0},"end":{"line":4,"column":67}},"4":{"start":{"line":5,"column":0},"end":{"line":5,"column":54}},"5":{"start":{"line":18,"column":7},"end":{"line":64,"column":null}},"6":{"start":{"line":19,"column":31},"end":{"line":19,"column":47}},"7":{"start":{"line":25,"column":17},"end":{"line":25,"column":39}},"8":{"start":{"line":26,"column":4},"end":{"line":26,"column":26}},"9":{"start":{"line":27,"column":4},"end":{"line":27,"column":43}},"10":{"start":{"line":34,"column":4},"end":{"line":34,"column":41}},"11":{"start":{"line":41,"column":4},"end":{"line":41,"column":44}},"12":{"start":{"line":46,"column":2},"end":{"line":46,"column":49}},"13":{"start":{"line":52,"column":17},"end":{"line":52,"column":39}},"14":{"start":{"line":53,"column":4},"end":{"line":53,"column":69}},"15":{"start":{"line":60,"column":17},"end":{"line":60,"column":39}},"16":{"start":{"line":61,"column":4},"end":{"line":61,"column":90}},"17":{"start":{"line":62,"column":4},"end":{"line":62,"column":64}},"18":{"start":{"line":18,"column":13},"end":{"line":18,"column":30}},"19":{"start":{"line":24,"column":8},"end":{"line":28,"column":null}},"20":{"start":{"line":33,"column":8},"end":{"line":35,"column":null}},"21":{"start":{"line":40,"column":8},"end":{"line":42,"column":null}},"22":{"start":{"line":45,"column":6},"end":{"line":47,"column":null}},"23":{"start":{"line":51,"column":8},"end":{"line":54,"column":null}},"24":{"start":{"line":59,"column":8},"end":{"line":63,"column":null}},"25":{"start":{"line":18,"column":13},"end":{"line":64,"column":null}}},"fnMap":{"0":{"name":"(anonymous_4)","decl":{"start":{"line":19,"column":2},"end":{"line":19,"column":31}},"loc":{"start":{"line":19,"column":61},"end":{"line":19,"column":66}}},"1":{"name":"(anonymous_5)","decl":{"start":{"line":24,"column":8},"end":{"line":24,"column":14}},"loc":{"start":{"line":24,"column":69},"end":{"line":28,"column":3}}},"2":{"name":"(anonymous_6)","decl":{"start":{"line":33,"column":8},"end":{"line":33,"column":15}},"loc":{"start":{"line":33,"column":15},"end":{"line":35,"column":3}}},"3":{"name":"(anonymous_7)","decl":{"start":{"line":40,"column":8},"end":{"line":40,"column":15}},"loc":{"start":{"line":40,"column":39},"end":{"line":42,"column":3}}},"4":{"name":"(anonymous_8)","decl":{"start":{"line":45,"column":6},"end":{"line":45,"column":16}},"loc":{"start":{"line":45,"column":48},"end":{"line":47,"column":1}}},"5":{"name":"(anonymous_9)","decl":{"start":{"line":51,"column":8},"end":{"line":51,"column":14}},"loc":{"start":{"line":51,"column":94},"end":{"line":54,"column":3}}},"6":{"name":"(anonymous_10)","decl":{"start":{"line":59,"column":8},"end":{"line":59,"column":14}},"loc":{"start":{"line":59,"column":59},"end":{"line":63,"column":3}}}},"branchMap":{},"s":{"0":1,"1":1,"2":1,"3":1,"4":1,"5":1,"6":7,"7":1,"8":1,"9":1,"10":1,"11":1,"12":1,"13":1,"14":1,"15":1,"16":1,"17":1,"18":1,"19":1,"20":1,"21":1,"22":1,"23":1,"24":1,"25":1},"f":{"0":7,"1":1,"2":1,"3":1,"4":1,"5":1,"6":1},"b":{}}
,"C:\\Users\\Larissa\\Desktop\\Teste BPTech\\bp-reserve-backend\\src\\reserve\\reserve.module.ts": {"path":"C:\\Users\\Larissa\\Desktop\\Teste BPTech\\bp-reserve-backend\\src\\reserve\\reserve.module.ts","statementMap":{"0":{"start":{"line":1,"column":0},"end":{"line":1,"column":40}},"1":{"start":{"line":2,"column":0},"end":{"line":2,"column":48}},"2":{"start":{"line":3,"column":0},"end":{"line":3,"column":51}},"3":{"start":{"line":4,"column":0},"end":{"line":4,"column":57}},"4":{"start":{"line":5,"column":0},"end":{"line":5,"column":59}},"5":{"start":{"line":6,"column":0},"end":{"line":6,"column":49}},"6":{"start":{"line":7,"column":0},"end":{"line":7,"column":49}},"7":{"start":{"line":19,"column":7},"end":{"line":19,"column":null}},"8":{"start":{"line":19,"column":13},"end":{"line":19,"column":26}},"9":{"start":{"line":19,"column":13},"end":{"line":19,"column":null}}},"fnMap":{},"branchMap":{},"s":{"0":0,"1":0,"2":0,"3":0,"4":0,"5":0,"6":0,"7":0,"8":0,"9":0},"f":{},"b":{}}
,"C:\\Users\\Larissa\\Desktop\\Teste BPTech\\bp-reserve-backend\\src\\reserve\\reserve.service.ts": {"path":"C:\\Users\\Larissa\\Desktop\\Teste BPTech\\bp-reserve-backend\\src\\reserve\\reserve.service.ts","statementMap":{"0":{"start":{"line":1,"column":0},"end":{"line":1,"column":null}},"1":{"start":{"line":6,"column":0},"end":{"line":6,"column":51}},"2":{"start":{"line":7,"column":0},"end":{"line":7,"column":37}},"3":{"start":{"line":8,"column":0},"end":{"line":8,"column":59}},"4":{"start":{"line":11,"column":0},"end":{"line":11,"column":51}},"5":{"start":{"line":12,"column":0},"end":{"line":12,"column":51}},"6":{"start":{"line":15,"column":7},"end":{"line":198,"column":null}},"7":{"start":{"line":18,"column":25},"end":{"line":18,"column":48}},"8":{"start":{"line":19,"column":25},"end":{"line":19,"column":38}},"9":{"start":{"line":20,"column":25},"end":{"line":20,"column":38}},"10":{"start":{"line":30,"column":61},"end":{"line":30,"column":64}},"11":{"start":{"line":33,"column":8},"end":{"line":33,"column":80}},"12":{"start":{"line":33,"column":21},"end":{"line":33,"column":80}},"13":{"start":{"line":34,"column":8},"end":{"line":34,"column":83}},"14":{"start":{"line":34,"column":21},"end":{"line":34,"column":83}},"15":{"start":{"line":35,"column":8},"end":{"line":35,"column":83}},"16":{"start":{"line":35,"column":19},"end":{"line":35,"column":83}},"17":{"start":{"line":36,"column":8},"end":{"line":37,"column":93}},"18":{"start":{"line":37,"column":12},"end":{"line":37,"column":93}},"19":{"start":{"line":40,"column":21},"end":{"line":40,"column":59}},"20":{"start":{"line":41,"column":8},"end":{"line":41,"column":88}},"21":{"start":{"line":41,"column":19},"end":{"line":41,"column":88}},"22":{"start":{"line":42,"column":8},"end":{"line":43,"column":100}},"23":{"start":{"line":43,"column":12},"end":{"line":43,"column":100}},"24":{"start":{"line":46,"column":21},"end":{"line":46,"column":63}},"25":{"start":{"line":47,"column":8},"end":{"line":47,"column":91}},"26":{"start":{"line":47,"column":19},"end":{"line":47,"column":91}},"27":{"start":{"line":50,"column":35},"end":{"line":50,"column":62}},"28":{"start":{"line":51,"column":41},"end":{"line":51,"column":73}},"29":{"start":{"line":52,"column":37},"end":{"line":52,"column":67}},"30":{"start":{"line":54,"column":30},"end":{"line":54,"column":84}},"31":{"start":{"line":55,"column":28},"end":{"line":55,"column":78}},"32":{"start":{"line":56,"column":20},"end":{"line":56,"column":30}},"33":{"start":{"line":58,"column":8},"end":{"line":62,"column":9}},"34":{"start":{"line":59,"column":12},"end":{"line":61,"column":14}},"35":{"start":{"line":65,"column":12},"end":{"line":65,"column":75}},"36":{"start":{"line":66,"column":8},"end":{"line":68,"column":9}},"37":{"start":{"line":67,"column":12},"end":{"line":67,"column":88}},"38":{"start":{"line":69,"column":8},"end":{"line":73,"column":9}},"39":{"start":{"line":70,"column":12},"end":{"line":72,"column":14}},"40":{"start":{"line":76,"column":40},"end":{"line":84,"column":22}},"41":{"start":{"line":86,"column":27},"end":{"line":90,"column":10}},"42":{"start":{"line":88,"column":12},"end":{"line":88,"column":88}},"43":{"start":{"line":88,"column":75},"end":{"line":88,"column":88}},"44":{"start":{"line":89,"column":12},"end":{"line":89,"column":24}},"45":{"start":{"line":92,"column":8},"end":{"line":96,"column":9}},"46":{"start":{"line":93,"column":12},"end":{"line":95,"column":14}},"47":{"start":{"line":101,"column":8},"end":{"line":101,"column":61}},"48":{"start":{"line":103,"column":28},"end":{"line":103,"column":83}},"49":{"start":{"line":104,"column":33},"end":{"line":104,"column":83}},"50":{"start":{"line":105,"column":8},"end":{"line":105,"column":32}},"51":{"start":{"line":110,"column":8},"end":{"line":113,"column":11}},"52":{"start":{"line":118,"column":28},"end":{"line":121,"column":10}},"53":{"start":{"line":123,"column":8},"end":{"line":124,"column":80}},"54":{"start":{"line":124,"column":12},"end":{"line":124,"column":80}},"55":{"start":{"line":126,"column":8},"end":{"line":126,"column":27}},"56":{"start":{"line":129,"column":29},"end":{"line":132,"column":10}},"57":{"start":{"line":134,"column":8},"end":{"line":136,"column":9}},"58":{"start":{"line":135,"column":12},"end":{"line":135,"column":95}},"59":{"start":{"line":138,"column":8},"end":{"line":138,"column":28}},"60":{"start":{"line":146,"column":28},"end":{"line":146,"column":50}},"61":{"start":{"line":149,"column":8},"end":{"line":156,"column":9}},"62":{"start":{"line":153,"column":12},"end":{"line":155,"column":14}},"63":{"start":{"line":159,"column":8},"end":{"line":168,"column":10}},"64":{"start":{"line":170,"column":8},"end":{"line":170,"column":57}},"65":{"start":{"line":171,"column":35},"end":{"line":171,"column":85}},"66":{"start":{"line":173,"column":8},"end":{"line":173,"column":93}},"67":{"start":{"line":174,"column":8},"end":{"line":174,"column":34}},"68":{"start":{"line":183,"column":28},"end":{"line":183,"column":50}},"69":{"start":{"line":186,"column":8},"end":{"line":193,"column":9}},"70":{"start":{"line":190,"column":12},"end":{"line":192,"column":14}},"71":{"start":{"line":195,"column":8},"end":{"line":195,"column":61}},"72":{"start":{"line":196,"column":8},"end":{"line":196,"column":76}},"73":{"start":{"line":15,"column":13},"end":{"line":15,"column":27}},"74":{"start":{"line":15,"column":13},"end":{"line":198,"column":null}}},"fnMap":{"0":{"name":"(anonymous_4)","decl":{"start":{"line":16,"column":4},"end":{"line":16,"column":null}},"loc":{"start":{"line":20,"column":49},"end":{"line":21,"column":9}}},"1":{"name":"(anonymous_5)","decl":{"start":{"line":26,"column":12},"end":{"line":26,"column":17}},"loc":{"start":{"line":28,"column":38},"end":{"line":97,"column":5}}},"2":{"name":"(anonymous_6)","decl":{"start":{"line":86,"column":56},"end":{"line":86,"column":57}},"loc":{"start":{"line":86,"column":64},"end":{"line":90,"column":9}}},"3":{"name":"(anonymous_7)","decl":{"start":{"line":100,"column":4},"end":{"line":100,"column":9}},"loc":{"start":{"line":100,"column":59},"end":{"line":106,"column":5}}},"4":{"name":"(anonymous_8)","decl":{"start":{"line":109,"column":4},"end":{"line":109,"column":9}},"loc":{"start":{"line":109,"column":17},"end":{"line":114,"column":5}}},"5":{"name":"(anonymous_9)","decl":{"start":{"line":117,"column":4},"end":{"line":117,"column":9}},"loc":{"start":{"line":117,"column":28},"end":{"line":127,"column":5}}},"6":{"name":"(anonymous_10)","decl":{"start":{"line":128,"column":4},"end":{"line":128,"column":9}},"loc":{"start":{"line":128,"column":35},"end":{"line":139,"column":5}}},"7":{"name":"(anonymous_11)","decl":{"start":{"line":140,"column":4},"end":{"line":140,"column":9}},"loc":{"start":{"line":144,"column":34},"end":{"line":175,"column":5}}},"8":{"name":"(anonymous_12)","decl":{"start":{"line":178,"column":4},"end":{"line":178,"column":9}},"loc":{"start":{"line":181,"column":34},"end":{"line":197,"column":5}}}},"branchMap":{"0":{"loc":{"start":{"line":33,"column":8},"end":{"line":33,"column":80}},"type":"if","locations":[{"start":{"line":33,"column":8},"end":{"line":33,"column":80}},{"start":{},"end":{}}]},"1":{"loc":{"start":{"line":34,"column":8},"end":{"line":34,"column":83}},"type":"if","locations":[{"start":{"line":34,"column":8},"end":{"line":34,"column":83}},{"start":{},"end":{}}]},"2":{"loc":{"start":{"line":35,"column":8},"end":{"line":35,"column":83}},"type":"if","locations":[{"start":{"line":35,"column":8},"end":{"line":35,"column":83}},{"start":{},"end":{}}]},"3":{"loc":{"start":{"line":36,"column":8},"end":{"line":37,"column":93}},"type":"if","locations":[{"start":{"line":36,"column":8},"end":{"line":37,"column":93}},{"start":{},"end":{}}]},"4":{"loc":{"start":{"line":36,"column":12},"end":{"line":36,"column":34}},"type":"binary-expr","locations":[{"start":{"line":36,"column":12},"end":{"line":36,"column":22}},{"start":{"line":36,"column":26},"end":{"line":36,"column":34}}]},"5":{"loc":{"start":{"line":41,"column":8},"end":{"line":41,"column":88}},"type":"if","locations":[{"start":{"line":41,"column":8},"end":{"line":41,"column":88}},{"start":{},"end":{}}]},"6":{"loc":{"start":{"line":42,"column":8},"end":{"line":43,"column":100}},"type":"if","locations":[{"start":{"line":42,"column":8},"end":{"line":43,"column":100}},{"start":{},"end":{}}]},"7":{"loc":{"start":{"line":47,"column":8},"end":{"line":47,"column":91}},"type":"if","locations":[{"start":{"line":47,"column":8},"end":{"line":47,"column":91}},{"start":{},"end":{}}]},"8":{"loc":{"start":{"line":58,"column":8},"end":{"line":62,"column":9}},"type":"if","locations":[{"start":{"line":58,"column":8},"end":{"line":62,"column":9}},{"start":{},"end":{}}]},"9":{"loc":{"start":{"line":66,"column":8},"end":{"line":68,"column":9}},"type":"if","locations":[{"start":{"line":66,"column":8},"end":{"line":68,"column":9}},{"start":{},"end":{}}]},"10":{"loc":{"start":{"line":69,"column":8},"end":{"line":73,"column":9}},"type":"if","locations":[{"start":{"line":69,"column":8},"end":{"line":73,"column":9}},{"start":{},"end":{}}]},"11":{"loc":{"start":{"line":88,"column":12},"end":{"line":88,"column":88}},"type":"if","locations":[{"start":{"line":88,"column":12},"end":{"line":88,"column":88}},{"start":{},"end":{}}]},"12":{"loc":{"start":{"line":88,"column":16},"end":{"line":88,"column":73}},"type":"binary-expr","locations":[{"start":{"line":88,"column":16},"end":{"line":88,"column":37}},{"start":{"line":88,"column":41},"end":{"line":88,"column":73}}]},"13":{"loc":{"start":{"line":92,"column":8},"end":{"line":96,"column":9}},"type":"if","locations":[{"start":{"line":92,"column":8},"end":{"line":96,"column":9}},{"start":{},"end":{}}]},"14":{"loc":{"start":{"line":123,"column":8},"end":{"line":124,"column":80}},"type":"if","locations":[{"start":{"line":123,"column":8},"end":{"line":124,"column":80}},{"start":{},"end":{}}]},"15":{"loc":{"start":{"line":134,"column":8},"end":{"line":136,"column":9}},"type":"if","locations":[{"start":{"line":134,"column":8},"end":{"line":136,"column":9}},{"start":{},"end":{}}]},"16":{"loc":{"start":{"line":149,"column":8},"end":{"line":156,"column":9}},"type":"if","locations":[{"start":{"line":149,"column":8},"end":{"line":156,"column":9}},{"start":{},"end":{}}]},"17":{"loc":{"start":{"line":150,"column":12},"end":{"line":151,"column":51}},"type":"binary-expr","locations":[{"start":{"line":150,"column":12},"end":{"line":150,"column":44}},{"start":{"line":151,"column":12},"end":{"line":151,"column":51}}]},"18":{"loc":{"start":{"line":165,"column":22},"end":{"line":165,"column":67}},"type":"binary-expr","locations":[{"start":{"line":165,"column":22},"end":{"line":165,"column":47}},{"start":{"line":165,"column":51},"end":{"line":165,"column":67}}]},"19":{"loc":{"start":{"line":186,"column":8},"end":{"line":193,"column":9}},"type":"if","locations":[{"start":{"line":186,"column":8},"end":{"line":193,"column":9}},{"start":{},"end":{}}]},"20":{"loc":{"start":{"line":187,"column":12},"end":{"line":188,"column":51}},"type":"binary-expr","locations":[{"start":{"line":187,"column":12},"end":{"line":187,"column":44}},{"start":{"line":188,"column":12},"end":{"line":188,"column":51}}]}},"s":{"0":2,"1":2,"2":2,"3":2,"4":2,"5":2,"6":2,"7":6,"8":6,"9":6,"10":2,"11":2,"12":0,"13":2,"14":1,"15":1,"16":0,"17":1,"18":0,"19":1,"20":1,"21":0,"22":1,"23":0,"24":1,"25":1,"26":0,"27":1,"28":1,"29":1,"30":1,"31":1,"32":1,"33":1,"34":0,"35":1,"36":1,"37":0,"38":1,"39":0,"40":1,"41":1,"42":0,"43":0,"44":0,"45":1,"46":0,"47":2,"48":1,"49":1,"50":1,"51":1,"52":3,"53":3,"54":1,"55":2,"56":0,"57":0,"58":0,"59":0,"60":0,"61":0,"62":0,"63":0,"64":0,"65":0,"66":0,"67":0,"68":1,"69":1,"70":0,"71":1,"72":1,"73":2,"74":2},"f":{"0":6,"1":2,"2":0,"3":2,"4":1,"5":3,"6":0,"7":0,"8":1},"b":{"0":[0,2],"1":[1,1],"2":[0,1],"3":[0,1],"4":[1,1],"5":[0,1],"6":[0,1],"7":[0,1],"8":[0,1],"9":[0,1],"10":[0,1],"11":[0,0],"12":[0,0],"13":[0,1],"14":[1,2],"15":[0,0],"16":[0,0],"17":[0,0],"18":[0,0],"19":[0,1],"20":[1,0]}}
,"C:\\Users\\Larissa\\Desktop\\Teste BPTech\\bp-reserve-backend\\src\\reserve\\dto\\createReservation.dto.ts": {"path":"C:\\Users\\Larissa\\Desktop\\Teste BPTech\\bp-reserve-backend\\src\\reserve\\dto\\createReservation.dto.ts","statementMap":{"0":{"start":{"line":1,"column":0},"end":{"line":1,"column":null}},"1":{"start":{"line":10,"column":0},"end":{"line":10,"column":13}},"2":{"start":{"line":13,"column":2},"end":{"line":13,"column":null}},"3":{"start":{"line":20,"column":2},"end":{"line":20,"column":null}},"4":{"start":{"line":27,"column":2},"end":{"line":27,"column":null}},"5":{"start":{"line":32,"column":2},"end":{"line":32,"column":null}},"6":{"start":{"line":38,"column":2},"end":{"line":38,"column":null}}},"fnMap":{},"branchMap":{},"s":{"0":1,"1":1,"2":1,"3":1,"4":1,"5":1,"6":1},"f":{},"b":{}}
,"C:\\Users\\Larissa\\Desktop\\Teste BPTech\\bp-reserve-backend\\src\\reserve\\dto\\updateReservation.dto.ts": {"path":"C:\\Users\\Larissa\\Desktop\\Teste BPTech\\bp-reserve-backend\\src\\reserve\\dto\\updateReservation.dto.ts","statementMap":{"0":{"start":{"line":1,"column":0},"end":{"line":1,"column":51}},"1":{"start":{"line":2,"column":0},"end":{"line":2,"column":63}},"2":{"start":{"line":4,"column":0},"end":{"line":4,"column":13}}},"fnMap":{},"branchMap":{},"s":{"0":1,"1":1,"2":1},"f":{},"b":{}}
,"C:\\Users\\Larissa\\Desktop\\Teste BPTech\\bp-reserve-backend\\src\\reserve\\interface\\reserve.entity.ts": {"path":"C:\\Users\\Larissa\\Desktop\\Teste BPTech\\bp-reserve-backend\\src\\reserve\\interface\\reserve.entity.ts","statementMap":{"0":{"start":{"line":1,"column":0},"end":{"line":1,"column":124}},"1":{"start":{"line":2,"column":0},"end":{"line":2,"column":62}},"2":{"start":{"line":3,"column":0},"end":{"line":3,"column":62}},"3":{"start":{"line":6,"column":7},"end":{"line":38,"column":null}},"4":{"start":{"line":6,"column":13},"end":{"line":6,"column":26}},"5":{"start":{"line":8,"column":2},"end":{"line":8,"column":null}},"6":{"start":{"line":11,"column":2},"end":{"line":11,"column":null}},"7":{"start":{"line":14,"column":2},"end":{"line":14,"column":null}},"8":{"start":{"line":17,"column":2},"end":{"line":17,"column":null}},"9":{"start":{"line":20,"column":2},"end":{"line":20,"column":null}},"10":{"start":{"line":24,"column":2},"end":{"line":24,"column":null}},"11":{"start":{"line":22,"column":19},"end":{"line":22,"column":29}},"12":{"start":{"line":22,"column":39},"end":{"line":22,"column":56}},"13":{"start":{"line":27,"column":2},"end":{"line":27,"column":null}},"14":{"start":{"line":31,"column":2},"end":{"line":31,"column":null}},"15":{"start":{"line":29,"column":19},"end":{"line":29,"column":29}},"16":{"start":{"line":29,"column":39},"end":{"line":29,"column":56}},"17":{"start":{"line":34,"column":2},"end":{"line":34,"column":null}},"18":{"start":{"line":37,"column":2},"end":{"line":37,"column":null}},"19":{"start":{"line":6,"column":13},"end":{"line":38,"column":null}}},"fnMap":{"0":{"name":"(anonymous_2)","decl":{"start":{"line":22,"column":13},"end":{"line":22,"column":16}},"loc":{"start":{"line":22,"column":19},"end":{"line":22,"column":29}}},"1":{"name":"(anonymous_3)","decl":{"start":{"line":22,"column":31},"end":{"line":22,"column":35}},"loc":{"start":{"line":22,"column":39},"end":{"line":22,"column":56}}},"2":{"name":"(anonymous_4)","decl":{"start":{"line":29,"column":13},"end":{"line":29,"column":16}},"loc":{"start":{"line":29,"column":19},"end":{"line":29,"column":29}}},"3":{"name":"(anonymous_5)","decl":{"start":{"line":29,"column":31},"end":{"line":29,"column":35}},"loc":{"start":{"line":29,"column":39},"end":{"line":29,"column":56}}}},"branchMap":{},"s":{"0":8,"1":8,"2":8,"3":8,"4":8,"5":8,"6":8,"7":8,"8":8,"9":8,"10":8,"11":0,"12":0,"13":8,"14":8,"15":0,"16":0,"17":8,"18":8,"19":8},"f":{"0":0,"1":0,"2":0,"3":0},"b":{}}
,"C:\\Users\\Larissa\\Desktop\\Teste BPTech\\bp-reserve-backend\\src\\room\\room.controller.ts": {"path":"C:\\Users\\Larissa\\Desktop\\Teste BPTech\\bp-reserve-backend\\src\\room\\room.controller.ts","statementMap":{"0":{"start":{"line":1,"column":0},"end":{"line":1,"column":83}},"1":{"start":{"line":2,"column":0},"end":{"line":2,"column":45}},"2":{"start":{"line":3,"column":0},"end":{"line":3,"column":53}},"3":{"start":{"line":4,"column":0},"end":{"line":4,"column":53}},"4":{"start":{"line":5,"column":0},"end":{"line":5,"column":54}},"5":{"start":{"line":8,"column":7},"end":{"line":46,"column":null}},"6":{"start":{"line":9,"column":31},"end":{"line":9,"column":44}},"7":{"start":{"line":14,"column":4},"end":{"line":14,"column":50}},"8":{"start":{"line":20,"column":4},"end":{"line":20,"column":38}},"9":{"start":{"line":26,"column":4},"end":{"line":26,"column":44}},"10":{"start":{"line":32,"column":4},"end":{"line":32,"column":41}},"11":{"start":{"line":38,"column":4},"end":{"line":38,"column":55}},"12":{"start":{"line":44,"column":4},"end":{"line":44,"column":40}},"13":{"start":{"line":8,"column":13},"end":{"line":8,"column":27}},"14":{"start":{"line":13,"column":2},"end":{"line":15,"column":null}},"15":{"start":{"line":19,"column":2},"end":{"line":21,"column":null}},"16":{"start":{"line":25,"column":2},"end":{"line":27,"column":null}},"17":{"start":{"line":31,"column":2},"end":{"line":33,"column":null}},"18":{"start":{"line":37,"column":2},"end":{"line":39,"column":null}},"19":{"start":{"line":43,"column":2},"end":{"line":45,"column":null}},"20":{"start":{"line":8,"column":13},"end":{"line":46,"column":null}}},"fnMap":{"0":{"name":"(anonymous_4)","decl":{"start":{"line":9,"column":2},"end":{"line":9,"column":31}},"loc":{"start":{"line":9,"column":55},"end":{"line":9,"column":59}}},"1":{"name":"(anonymous_5)","decl":{"start":{"line":13,"column":2},"end":{"line":13,"column":8}},"loc":{"start":{"line":13,"column":45},"end":{"line":15,"column":3}}},"2":{"name":"(anonymous_6)","decl":{"start":{"line":19,"column":2},"end":{"line":19,"column":9}},"loc":{"start":{"line":19,"column":9},"end":{"line":21,"column":3}}},"3":{"name":"(anonymous_7)","decl":{"start":{"line":25,"column":2},"end":{"line":25,"column":15}},"loc":{"start":{"line":25,"column":15},"end":{"line":27,"column":3}}},"4":{"name":"(anonymous_8)","decl":{"start":{"line":31,"column":2},"end":{"line":31,"column":9}},"loc":{"start":{"line":31,"column":33},"end":{"line":33,"column":3}}},"5":{"name":"(anonymous_9)","decl":{"start":{"line":37,"column":2},"end":{"line":37,"column":8}},"loc":{"start":{"line":37,"column":70},"end":{"line":39,"column":3}}},"6":{"name":"(anonymous_10)","decl":{"start":{"line":43,"column":2},"end":{"line":43,"column":8}},"loc":{"start":{"line":43,"column":32},"end":{"line":45,"column":3}}}},"branchMap":{},"s":{"0":0,"1":0,"2":0,"3":0,"4":0,"5":0,"6":0,"7":0,"8":0,"9":0,"10":0,"11":0,"12":0,"13":0,"14":0,"15":0,"16":0,"17":0,"18":0,"19":0,"20":0},"f":{"0":0,"1":0,"2":0,"3":0,"4":0,"5":0,"6":0},"b":{}}
,"C:\\Users\\Larissa\\Desktop\\Teste BPTech\\bp-reserve-backend\\src\\room\\room.service.ts": {"path":"C:\\Users\\Larissa\\Desktop\\Teste BPTech\\bp-reserve-backend\\src\\room\\room.service.ts","statementMap":{"0":{"start":{"line":1,"column":0},"end":{"line":1,"column":82}},"1":{"start":{"line":2,"column":0},"end":{"line":2,"column":51}},"2":{"start":{"line":3,"column":0},"end":{"line":3,"column":37}},"3":{"start":{"line":4,"column":0},"end":{"line":4,"column":53}},"4":{"start":{"line":7,"column":0},"end":{"line":7,"column":68}},"5":{"start":{"line":9,"column":7},"end":{"line":93,"column":null}},"6":{"start":{"line":12,"column":21},"end":{"line":12,"column":37}},"7":{"start":{"line":15,"column":21},"end":{"line":15,"column":40}},"8":{"start":{"line":20,"column":25},"end":{"line":22,"column":6}},"9":{"start":{"line":24,"column":4},"end":{"line":26,"column":5}},"10":{"start":{"line":25,"column":6},"end":{"line":25,"column":70}},"11":{"start":{"line":28,"column":17},"end":{"line":28,"column":58}},"12":{"start":{"line":29,"column":4},"end":{"line":29,"column":48}},"13":{"start":{"line":34,"column":4},"end":{"line":36,"column":7}},"14":{"start":{"line":41,"column":17},"end":{"line":41,"column":69}},"15":{"start":{"line":43,"column":4},"end":{"line":45,"column":5}},"16":{"start":{"line":44,"column":6},"end":{"line":44,"column":70}},"17":{"start":{"line":47,"column":4},"end":{"line":47,"column":16}},"18":{"start":{"line":52,"column":17},"end":{"line":52,"column":39}},"19":{"start":{"line":55,"column":4},"end":{"line":63,"column":5}},"20":{"start":{"line":56,"column":27},"end":{"line":58,"column":8}},"21":{"start":{"line":60,"column":6},"end":{"line":62,"column":7}},"22":{"start":{"line":61,"column":8},"end":{"line":61,"column":72}},"23":{"start":{"line":65,"column":4},"end":{"line":65,"column":39}},"24":{"start":{"line":66,"column":4},"end":{"line":66,"column":48}},"25":{"start":{"line":71,"column":17},"end":{"line":71,"column":69}},"26":{"start":{"line":73,"column":4},"end":{"line":75,"column":5}},"27":{"start":{"line":74,"column":6},"end":{"line":74,"column":57}},"28":{"start":{"line":78,"column":4},"end":{"line":78,"column":null}},"29":{"start":{"line":81,"column":4},"end":{"line":81,"column":43}},"30":{"start":{"line":83,"column":4},"end":{"line":83,"column":null}},"31":{"start":{"line":88,"column":4},"end":{"line":91,"column":7}},"32":{"start":{"line":9,"column":13},"end":{"line":9,"column":24}},"33":{"start":{"line":9,"column":13},"end":{"line":93,"column":null}}},"fnMap":{"0":{"name":"(anonymous_4)","decl":{"start":{"line":10,"column":2},"end":{"line":10,"column":null}},"loc":{"start":{"line":15,"column":65},"end":{"line":16,"column":7}}},"1":{"name":"(anonymous_5)","decl":{"start":{"line":18,"column":2},"end":{"line":18,"column":7}},"loc":{"start":{"line":18,"column":43},"end":{"line":30,"column":3}}},"2":{"name":"(anonymous_6)","decl":{"start":{"line":33,"column":2},"end":{"line":33,"column":7}},"loc":{"start":{"line":33,"column":15},"end":{"line":37,"column":3}}},"3":{"name":"(anonymous_7)","decl":{"start":{"line":40,"column":2},"end":{"line":40,"column":7}},"loc":{"start":{"line":40,"column":26},"end":{"line":48,"column":3}}},"4":{"name":"(anonymous_8)","decl":{"start":{"line":51,"column":2},"end":{"line":51,"column":7}},"loc":{"start":{"line":51,"column":55},"end":{"line":67,"column":3}}},"5":{"name":"(anonymous_9)","decl":{"start":{"line":70,"column":2},"end":{"line":70,"column":7}},"loc":{"start":{"line":70,"column":25},"end":{"line":84,"column":3}}},"6":{"name":"(anonymous_10)","decl":{"start":{"line":87,"column":2},"end":{"line":87,"column":7}},"loc":{"start":{"line":87,"column":21},"end":{"line":92,"column":3}}}},"branchMap":{"0":{"loc":{"start":{"line":24,"column":4},"end":{"line":26,"column":5}},"type":"if","locations":[{"start":{"line":24,"column":4},"end":{"line":26,"column":5}},{"start":{},"end":{}}]},"1":{"loc":{"start":{"line":43,"column":4},"end":{"line":45,"column":5}},"type":"if","locations":[{"start":{"line":43,"column":4},"end":{"line":45,"column":5}},{"start":{},"end":{}}]},"2":{"loc":{"start":{"line":55,"column":4},"end":{"line":63,"column":5}},"type":"if","locations":[{"start":{"line":55,"column":4},"end":{"line":63,"column":5}},{"start":{},"end":{}}]},"3":{"loc":{"start":{"line":55,"column":8},"end":{"line":55,"column":62}},"type":"binary-expr","locations":[{"start":{"line":55,"column":8},"end":{"line":55,"column":26}},{"start":{"line":55,"column":30},"end":{"line":55,"column":62}}]},"4":{"loc":{"start":{"line":60,"column":6},"end":{"line":62,"column":7}},"type":"if","locations":[{"start":{"line":60,"column":6},"end":{"line":62,"column":7}},{"start":{},"end":{}}]},"5":{"loc":{"start":{"line":73,"column":4},"end":{"line":75,"column":5}},"type":"if","locations":[{"start":{"line":73,"column":4},"end":{"line":75,"column":5}},{"start":{},"end":{}}]}},"s":{"0":4,"1":4,"2":4,"3":4,"4":4,"5":4,"6":18,"7":18,"8":4,"9":4,"10":2,"11":2,"12":2,"13":2,"14":5,"15":5,"16":1,"17":4,"18":3,"19":3,"20":3,"21":3,"22":1,"23":2,"24":2,"25":3,"26":3,"27":1,"28":2,"29":2,"30":2,"31":2,"32":4,"33":4},"f":{"0":18,"1":4,"2":2,"3":5,"4":3,"5":3,"6":2},"b":{"0":[2,2],"1":[1,4],"2":[3,0],"3":[3,3],"4":[1,2],"5":[1,2]}}
,"C:\\Users\\Larissa\\Desktop\\Teste BPTech\\bp-reserve-backend\\src\\room\\dto\\createRoom.dto.ts": {"path":"C:\\Users\\Larissa\\Desktop\\Teste BPTech\\bp-reserve-backend\\src\\room\\dto\\createRoom.dto.ts","statementMap":{"0":{"start":{"line":1,"column":0},"end":{"line":1,"column":100}},"1":{"start":{"line":3,"column":0},"end":{"line":3,"column":13}},"2":{"start":{"line":7,"column":2},"end":{"line":7,"column":null}},"3":{"start":{"line":12,"column":2},"end":{"line":12,"column":null}},"4":{"start":{"line":16,"column":2},"end":{"line":16,"column":null}},"5":{"start":{"line":21,"column":2},"end":{"line":21,"column":null}},"6":{"start":{"line":25,"column":2},"end":{"line":25,"column":null}}},"fnMap":{},"branchMap":{},"s":{"0":0,"1":0,"2":0,"3":0,"4":0,"5":0,"6":0},"f":{},"b":{}}
,"C:\\Users\\Larissa\\Desktop\\Teste BPTech\\bp-reserve-backend\\src\\room\\dto\\updateRoom.dto.ts": {"path":"C:\\Users\\Larissa\\Desktop\\Teste BPTech\\bp-reserve-backend\\src\\room\\dto\\updateRoom.dto.ts","statementMap":{"0":{"start":{"line":1,"column":0},"end":{"line":1,"column":51}},"1":{"start":{"line":2,"column":0},"end":{"line":2,"column":49}},"2":{"start":{"line":4,"column":0},"end":{"line":4,"column":13}}},"fnMap":{},"branchMap":{},"s":{"0":0,"1":0,"2":0},"f":{},"b":{}}
,"C:\\Users\\Larissa\\Desktop\\Teste BPTech\\bp-reserve-backend\\src\\room\\interface\\room.entity.ts": {"path":"C:\\Users\\Larissa\\Desktop\\Teste BPTech\\bp-reserve-backend\\src\\room\\interface\\room.entity.ts","statementMap":{"0":{"start":{"line":1,"column":0},"end":{"line":1,"column":112}},"1":{"start":{"line":2,"column":0},"end":{"line":2,"column":71}},"2":{"start":{"line":5,"column":7},"end":{"line":31,"column":null}},"3":{"start":{"line":5,"column":13},"end":{"line":5,"column":23}},"4":{"start":{"line":7,"column":2},"end":{"line":7,"column":null}},"5":{"start":{"line":10,"column":2},"end":{"line":10,"column":null}},"6":{"start":{"line":13,"column":2},"end":{"line":13,"column":null}},"7":{"start":{"line":16,"column":2},"end":{"line":16,"column":null}},"8":{"start":{"line":19,"column":2},"end":{"line":19,"column":null}},"9":{"start":{"line":22,"column":2},"end":{"line":22,"column":null}},"10":{"start":{"line":25,"column":2},"end":{"line":25,"column":null}},"11":{"start":{"line":28,"column":2},"end":{"line":28,"column":null}},"12":{"start":{"line":30,"column":2},"end":{"line":30,"column":null}},"13":{"start":{"line":29,"column":20},"end":{"line":29,"column":33}},"14":{"start":{"line":29,"column":50},"end":{"line":29,"column":66}},"15":{"start":{"line":5,"column":13},"end":{"line":31,"column":null}}},"fnMap":{"0":{"name":"(anonymous_2)","decl":{"start":{"line":29,"column":14},"end":{"line":29,"column":17}},"loc":{"start":{"line":29,"column":20},"end":{"line":29,"column":33}}},"1":{"name":"(anonymous_3)","decl":{"start":{"line":29,"column":35},"end":{"line":29,"column":46}},"loc":{"start":{"line":29,"column":50},"end":{"line":29,"column":66}}}},"branchMap":{},"s":{"0":8,"1":8,"2":8,"3":8,"4":8,"5":8,"6":8,"7":8,"8":8,"9":8,"10":8,"11":8,"12":8,"13":0,"14":0,"15":8},"f":{"0":0,"1":0},"b":{}}
,"C:\\Users\\Larissa\\Desktop\\Teste BPTech\\bp-reserve-backend\\src\\user\\user.controller.ts": {"path":"C:\\Users\\Larissa\\Desktop\\Teste BPTech\\bp-reserve-backend\\src\\user\\user.controller.ts","statementMap":{"0":{"start":{"line":1,"column":0},"end":{"line":1,"column":97}},"1":{"start":{"line":2,"column":0},"end":{"line":2,"column":53}},"2":{"start":{"line":3,"column":0},"end":{"line":3,"column":45}},"3":{"start":{"line":5,"column":0},"end":{"line":5,"column":54}},"4":{"start":{"line":6,"column":0},"end":{"line":6,"column":52}},"5":{"start":{"line":9,"column":7},"end":{"line":42,"column":null}},"6":{"start":{"line":10,"column":33},"end":{"line":10,"column":46}},"7":{"start":{"line":14,"column":8},"end":{"line":14,"column":null}},"8":{"start":{"line":20,"column":8},"end":{"line":20,"column":null}},"9":{"start":{"line":25,"column":8},"end":{"line":25,"column":55}},"10":{"start":{"line":34,"column":8},"end":{"line":34,"column":58}},"11":{"start":{"line":40,"column":8},"end":{"line":40,"column":43}},"12":{"start":{"line":9,"column":13},"end":{"line":9,"column":27}},"13":{"start":{"line":13,"column":10},"end":{"line":15,"column":null}},"14":{"start":{"line":19,"column":4},"end":{"line":21,"column":null}},"15":{"start":{"line":24,"column":10},"end":{"line":26,"column":null}},"16":{"start":{"line":30,"column":4},"end":{"line":35,"column":null}},"17":{"start":{"line":39,"column":4},"end":{"line":41,"column":null}},"18":{"start":{"line":9,"column":13},"end":{"line":42,"column":null}}},"fnMap":{"0":{"name":"(anonymous_4)","decl":{"start":{"line":10,"column":4},"end":{"line":10,"column":33}},"loc":{"start":{"line":10,"column":57},"end":{"line":10,"column":62}}},"1":{"name":"(anonymous_5)","decl":{"start":{"line":13,"column":10},"end":{"line":13,"column":21}},"loc":{"start":{"line":13,"column":21},"end":{"line":15,"column":5}}},"2":{"name":"(anonymous_6)","decl":{"start":{"line":19,"column":4},"end":{"line":19,"column":11}},"loc":{"start":{"line":19,"column":35},"end":{"line":21,"column":5}}},"3":{"name":"(anonymous_7)","decl":{"start":{"line":24,"column":10},"end":{"line":24,"column":20}},"loc":{"start":{"line":24,"column":54},"end":{"line":26,"column":5}}},"4":{"name":"(anonymous_8)","decl":{"start":{"line":30,"column":4},"end":{"line":30,"column":10}},"loc":{"start":{"line":32,"column":44},"end":{"line":35,"column":5}}},"5":{"name":"(anonymous_9)","decl":{"start":{"line":39,"column":4},"end":{"line":39,"column":10}},"loc":{"start":{"line":39,"column":48},"end":{"line":41,"column":5}}}},"branchMap":{},"s":{"0":1,"1":1,"2":1,"3":1,"4":1,"5":1,"6":6,"7":1,"8":1,"9":1,"10":1,"11":1,"12":1,"13":1,"14":1,"15":1,"16":1,"17":1,"18":1},"f":{"0":6,"1":1,"2":1,"3":1,"4":1,"5":1},"b":{}}
,"C:\\Users\\Larissa\\Desktop\\Teste BPTech\\bp-reserve-backend\\src\\user\\user.service.ts": {"path":"C:\\Users\\Larissa\\Desktop\\Teste BPTech\\bp-reserve-backend\\src\\user\\user.service.ts","statementMap":{"0":{"start":{"line":1,"column":0},"end":{"line":1,"column":71}},"1":{"start":{"line":2,"column":0},"end":{"line":2,"column":53}},"2":{"start":{"line":5,"column":0},"end":{"line":5,"column":33}},"3":{"start":{"line":6,"column":0},"end":{"line":6,"column":51}},"4":{"start":{"line":7,"column":0},"end":{"line":7,"column":37}},"5":{"start":{"line":8,"column":0},"end":{"line":8,"column":68}},"6":{"start":{"line":11,"column":24},"end":{"line":85,"column":null}},"7":{"start":{"line":15,"column":25},"end":{"line":15,"column":41}},"8":{"start":{"line":17,"column":25},"end":{"line":17,"column":44}},"9":{"start":{"line":12,"column":21},"end":{"line":12,"column":59}},"10":{"start":{"line":22,"column":21},"end":{"line":22,"column":73}},"11":{"start":{"line":23,"column":8},"end":{"line":25,"column":9}},"12":{"start":{"line":24,"column":12},"end":{"line":24,"column":79}},"13":{"start":{"line":26,"column":8},"end":{"line":26,"column":20}},"14":{"start":{"line":31,"column":8},"end":{"line":31,"column":42}},"15":{"start":{"line":34,"column":21},"end":{"line":34,"column":73}},"16":{"start":{"line":35,"column":8},"end":{"line":37,"column":9}},"17":{"start":{"line":36,"column":12},"end":{"line":36,"column":null}},"18":{"start":{"line":38,"column":8},"end":{"line":38,"column":20}},"19":{"start":{"line":44,"column":29},"end":{"line":44,"column":31}},"20":{"start":{"line":45,"column":31},"end":{"line":45,"column":86}},"21":{"start":{"line":46,"column":8},"end":{"line":49,"column":11}},"22":{"start":{"line":54,"column":8},"end":{"line":54,"column":72}},"23":{"start":{"line":55,"column":8},"end":{"line":55,"column":94}},"24":{"start":{"line":57,"column":21},"end":{"line":57,"column":64}},"25":{"start":{"line":58,"column":8},"end":{"line":61,"column":9}},"26":{"start":{"line":59,"column":12},"end":{"line":59,"column":69}},"27":{"start":{"line":60,"column":12},"end":{"line":60,"column":82}},"28":{"start":{"line":63,"column":8},"end":{"line":63,"column":43}},"29":{"start":{"line":64,"column":8},"end":{"line":64,"column":75}},"30":{"start":{"line":65,"column":28},"end":{"line":65,"column":64}},"31":{"start":{"line":66,"column":8},"end":{"line":66,"column":79}},"32":{"start":{"line":68,"column":8},"end":{"line":68,"column":27}},"33":{"start":{"line":73,"column":21},"end":{"line":73,"column":47}},"34":{"start":{"line":74,"column":8},"end":{"line":76,"column":9}},"35":{"start":{"line":75,"column":12},"end":{"line":75,"column":null}},"36":{"start":{"line":79,"column":8},"end":{"line":79,"column":null}},"37":{"start":{"line":82,"column":8},"end":{"line":82,"column":47}},"38":{"start":{"line":83,"column":8},"end":{"line":83,"column":76}},"39":{"start":{"line":11,"column":13},"end":{"line":11,"column":24}},"40":{"start":{"line":11,"column":13},"end":{"line":85,"column":null}}},"fnMap":{"0":{"name":"(anonymous_13)","decl":{"start":{"line":13,"column":4},"end":{"line":13,"column":null}},"loc":{"start":{"line":17,"column":69},"end":{"line":18,"column":9}}},"1":{"name":"(anonymous_14)","decl":{"start":{"line":21,"column":4},"end":{"line":21,"column":9}},"loc":{"start":{"line":21,"column":32},"end":{"line":27,"column":5}}},"2":{"name":"(anonymous_15)","decl":{"start":{"line":30,"column":4},"end":{"line":30,"column":9}},"loc":{"start":{"line":30,"column":21},"end":{"line":32,"column":5}}},"3":{"name":"(anonymous_16)","decl":{"start":{"line":33,"column":4},"end":{"line":33,"column":9}},"loc":{"start":{"line":33,"column":28},"end":{"line":39,"column":5}}},"4":{"name":"(anonymous_17)","decl":{"start":{"line":43,"column":4},"end":{"line":43,"column":9}},"loc":{"start":{"line":43,"column":49},"end":{"line":50,"column":5}}},"5":{"name":"(anonymous_18)","decl":{"start":{"line":53,"column":4},"end":{"line":53,"column":9}},"loc":{"start":{"line":53,"column":57},"end":{"line":69,"column":5}}},"6":{"name":"(anonymous_19)","decl":{"start":{"line":72,"column":4},"end":{"line":72,"column":9}},"loc":{"start":{"line":72,"column":27},"end":{"line":84,"column":5}}}},"branchMap":{"0":{"loc":{"start":{"line":23,"column":8},"end":{"line":25,"column":9}},"type":"if","locations":[{"start":{"line":23,"column":8},"end":{"line":25,"column":9}},{"start":{},"end":{}}]},"1":{"loc":{"start":{"line":35,"column":8},"end":{"line":37,"column":9}},"type":"if","locations":[{"start":{"line":35,"column":8},"end":{"line":37,"column":9}},{"start":{},"end":{}}]},"2":{"loc":{"start":{"line":58,"column":8},"end":{"line":61,"column":9}},"type":"if","locations":[{"start":{"line":58,"column":8},"end":{"line":61,"column":9}},{"start":{},"end":{}}]},"3":{"loc":{"start":{"line":74,"column":8},"end":{"line":76,"column":9}},"type":"if","locations":[{"start":{"line":74,"column":8},"end":{"line":76,"column":9}},{"start":{},"end":{}}]}},"s":{"0":4,"1":4,"2":4,"3":4,"4":4,"5":4,"6":4,"7":1,"8":1,"9":1,"10":0,"11":0,"12":0,"13":0,"14":1,"15":0,"16":0,"17":0,"18":0,"19":0,"20":0,"21":0,"22":0,"23":0,"24":0,"25":0,"26":0,"27":0,"28":0,"29":0,"30":0,"31":0,"32":0,"33":0,"34":0,"35":0,"36":0,"37":0,"38":0,"39":4,"40":4},"f":{"0":1,"1":0,"2":1,"3":0,"4":0,"5":0,"6":0},"b":{"0":[0,0],"1":[0,0],"2":[0,0],"3":[0,0]}}
,"C:\\Users\\Larissa\\Desktop\\Teste BPTech\\bp-reserve-backend\\src\\user\\dto\\createUser.dto.ts": {"path":"C:\\Users\\Larissa\\Desktop\\Teste BPTech\\bp-reserve-backend\\src\\user\\dto\\createUser.dto.ts","statementMap":{"0":{"start":{"line":1,"column":0},"end":{"line":1,"column":64}},"1":{"start":{"line":3,"column":0},"end":{"line":3,"column":13}},"2":{"start":{"line":6,"column":2},"end":{"line":6,"column":null}},"3":{"start":{"line":10,"column":2},"end":{"line":10,"column":null}},"4":{"start":{"line":14,"column":2},"end":{"line":14,"column":null}},"5":{"start":{"line":18,"column":2},"end":{"line":18,"column":null}},"6":{"start":{"line":22,"column":2},"end":{"line":22,"column":null}},"7":{"start":{"line":26,"column":2},"end":{"line":26,"column":null}},"8":{"start":{"line":30,"column":2},"end":{"line":30,"column":null}}},"fnMap":{},"branchMap":{},"s":{"0":1,"1":1,"2":1,"3":1,"4":1,"5":1,"6":1,"7":1,"8":1},"f":{},"b":{}}
,"C:\\Users\\Larissa\\Desktop\\Teste BPTech\\bp-reserve-backend\\src\\user\\dto\\updateUser.dto.ts": {"path":"C:\\Users\\Larissa\\Desktop\\Teste BPTech\\bp-reserve-backend\\src\\user\\dto\\updateUser.dto.ts","statementMap":{"0":{"start":{"line":1,"column":1},"end":{"line":1,"column":52}},"1":{"start":{"line":2,"column":1},"end":{"line":2,"column":50}},"2":{"start":{"line":4,"column":1},"end":{"line":4,"column":14}}},"fnMap":{},"branchMap":{},"s":{"0":1,"1":1,"2":1},"f":{},"b":{}}
,"C:\\Users\\Larissa\\Desktop\\Teste BPTech\\bp-reserve-backend\\src\\user\\interface\\user.entity.ts": {"path":"C:\\Users\\Larissa\\Desktop\\Teste BPTech\\bp-reserve-backend\\src\\user\\interface\\user.entity.ts","statementMap":{"0":{"start":{"line":1,"column":0},"end":{"line":1,"column":76}},"1":{"start":{"line":2,"column":0},"end":{"line":2,"column":71}},"2":{"start":{"line":5,"column":7},"end":{"line":24,"column":null}},"3":{"start":{"line":5,"column":13},"end":{"line":5,"column":23}},"4":{"start":{"line":7,"column":4},"end":{"line":7,"column":null}},"5":{"start":{"line":9,"column":4},"end":{"line":9,"column":null}},"6":{"start":{"line":11,"column":4},"end":{"line":11,"column":null}},"7":{"start":{"line":13,"column":4},"end":{"line":13,"column":null}},"8":{"start":{"line":15,"column":4},"end":{"line":15,"column":null}},"9":{"start":{"line":17,"column":4},"end":{"line":17,"column":null}},"10":{"start":{"line":19,"column":4},"end":{"line":19,"column":null}},"11":{"start":{"line":21,"column":4},"end":{"line":21,"column":null}},"12":{"start":{"line":23,"column":4},"end":{"line":23,"column":null}},"13":{"start":{"line":22,"column":21},"end":{"line":22,"column":34}},"14":{"start":{"line":22,"column":51},"end":{"line":22,"column":67}},"15":{"start":{"line":5,"column":13},"end":{"line":24,"column":null}}},"fnMap":{"0":{"name":"(anonymous_2)","decl":{"start":{"line":22,"column":15},"end":{"line":22,"column":18}},"loc":{"start":{"line":22,"column":21},"end":{"line":22,"column":34}}},"1":{"name":"(anonymous_3)","decl":{"start":{"line":22,"column":36},"end":{"line":22,"column":47}},"loc":{"start":{"line":22,"column":51},"end":{"line":22,"column":67}}}},"branchMap":{},"s":{"0":8,"1":8,"2":8,"3":8,"4":8,"5":8,"6":8,"7":8,"8":8,"9":8,"10":8,"11":8,"12":8,"13":0,"14":0,"15":8},"f":{"0":0,"1":0},"b":{}}
}
