TN:
SF:src\app.module.ts
FNF:0
FNH:0
DA:1,0
DA:2,0
DA:3,0
DA:4,0
DA:5,0
DA:6,0
DA:7,0
DA:8,0
DA:9,0
DA:10,0
DA:11,0
DA:47,0
LF:12
LH:0
BRF:0
BRH:0
end_of_record
TN:
SF:src\main.ts
FN:5,bootstrap
FNF:1
FNH:0
FNDA:0,bootstrap
DA:1,0
DA:2,0
DA:3,0
DA:6,0
DA:8,0
DA:13,0
DA:18,0
DA:21,0
LF:8
LH:0
BRF:0
BRH:0
end_of_record
TN:
SF:src\decorators\public.decorator.ts
FN:4,(anonymous_0)
FNF:1
FNH:0
FNDA:0,(anonymous_0)
DA:1,0
DA:3,0
DA:4,0
LF:3
LH:0
BRF:0
BRH:0
end_of_record
TN:
SF:src\decorators\roles.decorator.ts
FN:4,(anonymous_0)
FNF:1
FNH:1
FNDA:11,(anonymous_0)
DA:1,2
DA:3,2
DA:4,11
LF:3
LH:3
BRF:0
BRH:0
end_of_record
TN:
SF:src\guards\roles.guard.ts
FN:8,(anonymous_2)
FN:10,(anonymous_3)
FN:51,(anonymous_4)
FNF:3
FNH:0
FNDA:0,(anonymous_2)
FNDA:0,(anonymous_3)
FNDA:0,(anonymous_4)
DA:1,0
DA:2,0
DA:3,0
DA:4,0
DA:7,0
DA:8,0
DA:11,0
DA:14,0
DA:19,0
DA:21,0
DA:22,0
DA:23,0
DA:27,0
DA:28,0
DA:30,0
DA:31,0
DA:32,0
DA:36,0
DA:41,0
DA:42,0
DA:45,0
DA:46,0
DA:47,0
DA:51,0
DA:52,0
DA:54,0
DA:55,0
DA:56,0
DA:61,0
DA:62,0
LF:30
LH:0
BRDA:21,0,0,0
BRDA:21,0,1,0
BRDA:30,1,0,0
BRDA:30,1,1,0
BRDA:30,2,0,0
BRDA:30,2,1,0
BRDA:45,3,0,0
BRDA:45,3,1,0
BRDA:45,4,0,0
BRDA:45,4,1,0
BRDA:54,5,0,0
BRDA:54,5,1,0
BRF:12
BRH:0
end_of_record
TN:
SF:src\login\auth.controller.ts
FN:14,(anonymous_4)
FN:19,(anonymous_5)
FNF:2
FNH:0
FNDA:0,(anonymous_4)
FNDA:0,(anonymous_5)
DA:1,0
DA:9,0
DA:10,0
DA:11,0
DA:13,0
DA:14,0
DA:19,0
DA:20,0
LF:8
LH:0
BRF:0
BRH:0
end_of_record
TN:
SF:src\login\auth.module.ts
FNF:0
FNH:0
DA:1,0
DA:2,0
DA:3,0
DA:4,0
DA:5,0
DA:6,0
DA:7,0
DA:8,0
DA:24,0
LF:9
LH:0
BRF:0
BRH:0
end_of_record
TN:
SF:src\login\auth.service.ts
FN:11,(anonymous_13)
FN:17,(anonymous_14)
FNF:2
FNH:2
FNDA:8,(anonymous_13)
FNDA:8,(anonymous_14)
DA:1,2
DA:2,2
DA:3,2
DA:4,2
DA:6,2
DA:7,2
DA:10,2
DA:13,8
DA:14,8
DA:18,8
DA:19,8
DA:23,6
DA:24,2
DA:28,4
DA:30,4
DA:31,2
DA:34,2
DA:44,2
DA:58,6
DA:59,4
DA:62,2
LF:21
LH:21
BRDA:23,0,0,2
BRDA:23,0,1,4
BRDA:30,1,0,2
BRDA:30,1,1,2
BRDA:58,2,0,4
BRDA:58,2,1,2
BRF:6
BRH:6
end_of_record
TN:
SF:src\login\constants.ts
FNF:0
FNH:0
DA:2,0
LF:1
LH:0
BRF:0
BRH:0
end_of_record
TN:
SF:src\login\dto\auth.dto.ts
FNF:0
FNH:0
DA:1,0
DA:3,0
DA:5,0
DA:9,0
DA:12,0
LF:5
LH:0
BRF:0
BRH:0
end_of_record
TN:
SF:src\reserve\reserve.controller.ts
FN:19,(anonymous_4)
FN:24,(anonymous_5)
FN:33,(anonymous_6)
FN:40,(anonymous_7)
FN:45,(anonymous_8)
FN:51,(anonymous_9)
FN:59,(anonymous_10)
FNF:7
FNH:7
FNDA:7,(anonymous_4)
FNDA:1,(anonymous_5)
FNDA:1,(anonymous_6)
FNDA:1,(anonymous_7)
FNDA:1,(anonymous_8)
FNDA:1,(anonymous_9)
FNDA:1,(anonymous_10)
DA:1,1
DA:2,1
DA:3,1
DA:4,1
DA:5,1
DA:18,1
DA:19,7
DA:24,1
DA:25,1
DA:26,1
DA:27,1
DA:33,1
DA:34,1
DA:40,1
DA:41,1
DA:45,1
DA:46,1
DA:51,1
DA:52,1
DA:53,1
DA:59,1
DA:60,1
DA:61,1
DA:62,1
LF:24
LH:24
BRF:0
BRH:0
end_of_record
TN:
SF:src\reserve\reserve.module.ts
FNF:0
FNH:0
DA:1,0
DA:2,0
DA:3,0
DA:4,0
DA:5,0
DA:6,0
DA:7,0
DA:19,0
LF:8
LH:0
BRF:0
BRH:0
end_of_record
TN:
SF:src\reserve\reserve.service.ts
FN:16,(anonymous_4)
FN:26,(anonymous_5)
FN:86,(anonymous_6)
FN:100,(anonymous_7)
FN:109,(anonymous_8)
FN:117,(anonymous_9)
FN:128,(anonymous_10)
FN:140,(anonymous_11)
FN:178,(anonymous_12)
FNF:9
FNH:6
FNDA:6,(anonymous_4)
FNDA:2,(anonymous_5)
FNDA:0,(anonymous_6)
FNDA:2,(anonymous_7)
FNDA:1,(anonymous_8)
FNDA:3,(anonymous_9)
FNDA:0,(anonymous_10)
FNDA:0,(anonymous_11)
FNDA:1,(anonymous_12)
DA:1,2
DA:6,2
DA:7,2
DA:8,2
DA:11,2
DA:12,2
DA:15,2
DA:18,6
DA:19,6
DA:20,6
DA:30,2
DA:33,2
DA:34,2
DA:35,1
DA:36,1
DA:37,0
DA:40,1
DA:41,1
DA:42,1
DA:43,0
DA:46,1
DA:47,1
DA:50,1
DA:51,1
DA:52,1
DA:54,1
DA:55,1
DA:56,1
DA:58,1
DA:59,0
DA:65,1
DA:66,1
DA:67,0
DA:69,1
DA:70,0
DA:76,1
DA:86,1
DA:88,0
DA:89,0
DA:92,1
DA:93,0
DA:101,2
DA:103,1
DA:104,1
DA:105,1
DA:110,1
DA:118,3
DA:123,3
DA:124,1
DA:126,2
DA:129,0
DA:134,0
DA:135,0
DA:138,0
DA:146,0
DA:149,0
DA:153,0
DA:159,0
DA:170,0
DA:171,0
DA:173,0
DA:174,0
DA:183,1
DA:186,1
DA:190,0
DA:195,1
DA:196,1
LF:67
LH:46
BRDA:33,0,0,0
BRDA:33,0,1,2
BRDA:34,1,0,1
BRDA:34,1,1,1
BRDA:35,2,0,0
BRDA:35,2,1,1
BRDA:36,3,0,0
BRDA:36,3,1,1
BRDA:36,4,0,1
BRDA:36,4,1,1
BRDA:41,5,0,0
BRDA:41,5,1,1
BRDA:42,6,0,0
BRDA:42,6,1,1
BRDA:47,7,0,0
BRDA:47,7,1,1
BRDA:58,8,0,0
BRDA:58,8,1,1
BRDA:66,9,0,0
BRDA:66,9,1,1
BRDA:69,10,0,0
BRDA:69,10,1,1
BRDA:88,11,0,0
BRDA:88,11,1,0
BRDA:88,12,0,0
BRDA:88,12,1,0
BRDA:92,13,0,0
BRDA:92,13,1,1
BRDA:123,14,0,1
BRDA:123,14,1,2
BRDA:134,15,0,0
BRDA:134,15,1,0
BRDA:149,16,0,0
BRDA:149,16,1,0
BRDA:150,17,0,0
BRDA:150,17,1,0
BRDA:165,18,0,0
BRDA:165,18,1,0
BRDA:186,19,0,0
BRDA:186,19,1,1
BRDA:187,20,0,1
BRDA:187,20,1,0
BRF:42
BRH:18
end_of_record
TN:
SF:src\reserve\dto\createReservation.dto.ts
FNF:0
FNH:0
DA:1,1
DA:10,1
DA:13,1
DA:20,1
DA:27,1
DA:32,1
DA:38,1
LF:7
LH:7
BRF:0
BRH:0
end_of_record
TN:
SF:src\reserve\dto\updateReservation.dto.ts
FNF:0
FNH:0
DA:1,1
DA:2,1
DA:4,1
LF:3
LH:3
BRF:0
BRH:0
end_of_record
TN:
SF:src\reserve\interface\reserve.entity.ts
FN:22,(anonymous_2)
FN:22,(anonymous_3)
FN:29,(anonymous_4)
FN:29,(anonymous_5)
FNF:4
FNH:0
FNDA:0,(anonymous_2)
FNDA:0,(anonymous_3)
FNDA:0,(anonymous_4)
FNDA:0,(anonymous_5)
DA:1,8
DA:2,8
DA:3,8
DA:6,8
DA:8,8
DA:11,8
DA:14,8
DA:17,8
DA:20,8
DA:22,0
DA:24,8
DA:27,8
DA:29,0
DA:31,8
DA:34,8
DA:37,8
LF:16
LH:14
BRF:0
BRH:0
end_of_record
TN:
SF:src\room\room.controller.ts
FN:9,(anonymous_4)
FN:13,(anonymous_5)
FN:19,(anonymous_6)
FN:25,(anonymous_7)
FN:31,(anonymous_8)
FN:37,(anonymous_9)
FN:43,(anonymous_10)
FNF:7
FNH:0
FNDA:0,(anonymous_4)
FNDA:0,(anonymous_5)
FNDA:0,(anonymous_6)
FNDA:0,(anonymous_7)
FNDA:0,(anonymous_8)
FNDA:0,(anonymous_9)
FNDA:0,(anonymous_10)
DA:1,0
DA:2,0
DA:3,0
DA:4,0
DA:5,0
DA:8,0
DA:9,0
DA:13,0
DA:14,0
DA:19,0
DA:20,0
DA:25,0
DA:26,0
DA:31,0
DA:32,0
DA:37,0
DA:38,0
DA:43,0
DA:44,0
LF:19
LH:0
BRF:0
BRH:0
end_of_record
TN:
SF:src\room\room.service.ts
FN:10,(anonymous_4)
FN:18,(anonymous_5)
FN:33,(anonymous_6)
FN:40,(anonymous_7)
FN:51,(anonymous_8)
FN:70,(anonymous_9)
FN:87,(anonymous_10)
FNF:7
FNH:7
FNDA:18,(anonymous_4)
FNDA:4,(anonymous_5)
FNDA:2,(anonymous_6)
FNDA:5,(anonymous_7)
FNDA:3,(anonymous_8)
FNDA:3,(anonymous_9)
FNDA:2,(anonymous_10)
DA:1,4
DA:2,4
DA:3,4
DA:4,4
DA:7,4
DA:9,4
DA:12,18
DA:15,18
DA:20,4
DA:24,4
DA:25,2
DA:28,2
DA:29,2
DA:34,2
DA:41,5
DA:43,5
DA:44,1
DA:47,4
DA:52,3
DA:55,3
DA:56,3
DA:60,3
DA:61,1
DA:65,2
DA:66,2
DA:71,3
DA:73,3
DA:74,1
DA:78,2
DA:81,2
DA:83,2
DA:88,2
LF:32
LH:32
BRDA:24,0,0,2
BRDA:24,0,1,2
BRDA:43,1,0,1
BRDA:43,1,1,4
BRDA:55,2,0,3
BRDA:55,2,1,0
BRDA:55,3,0,3
BRDA:55,3,1,3
BRDA:60,4,0,1
BRDA:60,4,1,2
BRDA:73,5,0,1
BRDA:73,5,1,2
BRF:12
BRH:11
end_of_record
TN:
SF:src\room\dto\createRoom.dto.ts
FNF:0
FNH:0
DA:1,0
DA:3,0
DA:7,0
DA:12,0
DA:16,0
DA:21,0
DA:25,0
LF:7
LH:0
BRF:0
BRH:0
end_of_record
TN:
SF:src\room\dto\updateRoom.dto.ts
FNF:0
FNH:0
DA:1,0
DA:2,0
DA:4,0
LF:3
LH:0
BRF:0
BRH:0
end_of_record
TN:
SF:src\room\interface\room.entity.ts
FN:29,(anonymous_2)
FN:29,(anonymous_3)
FNF:2
FNH:0
FNDA:0,(anonymous_2)
FNDA:0,(anonymous_3)
DA:1,8
DA:2,8
DA:5,8
DA:7,8
DA:10,8
DA:13,8
DA:16,8
DA:19,8
DA:22,8
DA:25,8
DA:28,8
DA:29,0
DA:30,8
LF:13
LH:12
BRF:0
BRH:0
end_of_record
TN:
SF:src\user\user.controller.ts
FN:10,(anonymous_4)
FN:13,(anonymous_5)
FN:19,(anonymous_6)
FN:24,(anonymous_7)
FN:30,(anonymous_8)
FN:39,(anonymous_9)
FNF:6
FNH:6
FNDA:6,(anonymous_4)
FNDA:1,(anonymous_5)
FNDA:1,(anonymous_6)
FNDA:1,(anonymous_7)
FNDA:1,(anonymous_8)
FNDA:1,(anonymous_9)
DA:1,1
DA:2,1
DA:3,1
DA:5,1
DA:6,1
DA:9,1
DA:10,6
DA:13,1
DA:14,1
DA:19,1
DA:20,1
DA:24,1
DA:25,1
DA:30,1
DA:34,1
DA:39,1
DA:40,1
LF:17
LH:17
BRF:0
BRH:0
end_of_record
TN:
SF:src\user\user.service.ts
FN:13,(anonymous_13)
FN:21,(anonymous_14)
FN:30,(anonymous_15)
FN:33,(anonymous_16)
FN:43,(anonymous_17)
FN:53,(anonymous_18)
FN:72,(anonymous_19)
FNF:7
FNH:2
FNDA:1,(anonymous_13)
FNDA:0,(anonymous_14)
FNDA:1,(anonymous_15)
FNDA:0,(anonymous_16)
FNDA:0,(anonymous_17)
FNDA:0,(anonymous_18)
FNDA:0,(anonymous_19)
DA:1,4
DA:2,4
DA:5,4
DA:6,4
DA:7,4
DA:8,4
DA:11,4
DA:12,1
DA:15,1
DA:17,1
DA:22,0
DA:23,0
DA:24,0
DA:26,0
DA:31,1
DA:34,0
DA:35,0
DA:36,0
DA:38,0
DA:44,0
DA:45,0
DA:46,0
DA:54,0
DA:55,0
DA:57,0
DA:58,0
DA:59,0
DA:60,0
DA:63,0
DA:64,0
DA:65,0
DA:66,0
DA:68,0
DA:73,0
DA:74,0
DA:75,0
DA:79,0
DA:82,0
DA:83,0
LF:39
LH:11
BRDA:23,0,0,0
BRDA:23,0,1,0
BRDA:35,1,0,0
BRDA:35,1,1,0
BRDA:58,2,0,0
BRDA:58,2,1,0
BRDA:74,3,0,0
BRDA:74,3,1,0
BRF:8
BRH:0
end_of_record
TN:
SF:src\user\dto\createUser.dto.ts
FNF:0
FNH:0
DA:1,1
DA:3,1
DA:6,1
DA:10,1
DA:14,1
DA:18,1
DA:22,1
DA:26,1
DA:30,1
LF:9
LH:9
BRF:0
BRH:0
end_of_record
TN:
SF:src\user\dto\updateUser.dto.ts
FNF:0
FNH:0
DA:1,1
DA:2,1
DA:4,1
LF:3
LH:3
BRF:0
BRH:0
end_of_record
TN:
SF:src\user\interface\user.entity.ts
FN:22,(anonymous_2)
FN:22,(anonymous_3)
FNF:2
FNH:0
FNDA:0,(anonymous_2)
FNDA:0,(anonymous_3)
DA:1,8
DA:2,8
DA:5,8
DA:7,8
DA:9,8
DA:11,8
DA:13,8
DA:15,8
DA:17,8
DA:19,8
DA:21,8
DA:22,0
DA:23,8
LF:13
LH:12
BRF:0
BRH:0
end_of_record
